<?xml version="1.0" encoding="UTF-8"?>
<!-- Generated by org.testng.reporters.JUnitReportReporter -->
<testsuite hostname="DESKTOP-IU548MD" failures="0" tests="4" name="com.crm.comcast.orgTest.CreateOrgTest" time="0.041" errors="0" timestamp="2026-03-06T13:04:30 IST" skipped="0">
  <testcase classname="com.crm.comcast.orgTest.CreateOrgTest" name="createorgwithindustry" time="0.005"/>
  <testcase classname="com.crm.comcast.orgTest.CreateOrgTest" name="createorg" time="0.016"/>
  <testcase classname="com.crm.comcast.orgTest.CreateOrgTest" name="createorg" time="0.015"/>
  <testcase classname="com.crm.comcast.orgTest.CreateOrgTest" name="createorgwithindustry" time="0.005"/>
</testsuite> <!-- com.crm.comcast.orgTest.CreateOrgTest -->
