<?xml version="1.0" encoding="UTF-8"?>
<!-- Generated by org.testng.reporters.JUnitReportReporter -->
<testsuite hostname="DESKTOP-IU548MD" failures="0" tests="3" name="practice.testng.CreateContact_DP_Test" time="0.019" errors="0" timestamp="2026-03-05T13:19:26 IST" skipped="0">
  <testcase classname="practice.testng.CreateContact_DP_Test" name="createcontact" time="0.001"/>
  <testcase classname="practice.testng.CreateContact_DP_Test" name="createcontact" time="0.002"/>
  <testcase classname="practice.testng.CreateContact_DP_Test" name="createcontact" time="0.016"/>
</testsuite> <!-- practice.testng.CreateContact_DP_Test -->
