<?xml version="1.0" encoding="UTF-8"?>
<!-- Generated by org.testng.reporters.JUnitReportReporter -->
<testsuite hostname="DESKTOP-IU548MD" failures="0" tests="3" name="practice.testng.ContactTest" time="0.013" errors="0" timestamp="2026-03-05T11:00:06 IST" skipped="0">
  <testcase classname="practice.testng.ContactTest" name="createContactTest" time="0.010"/>
  <testcase classname="practice.testng.ContactTest" name="modifyContactTest" time="0.002"/>
  <testcase classname="practice.testng.ContactTest" name="deleteContactTest" time="0.001"/>
</testsuite> <!-- practice.testng.ContactTest -->
