<?xml version="1.0" encoding="UTF-8"?>
<!-- Generated by org.testng.reporters.JUnitReportReporter -->
<testsuite hostname="DESKTOP-IU548MD" failures="0" tests="3" name="practice.testng.SampleReportTest" time="4.003" errors="0" timestamp="2026-03-11T11:36:45 IST" skipped="2">
  <testcase classname="practice.testng.SampleReportTest" name="createContactTest" time="4.003"/>
  <testcase classname="practice.testng.SampleReportTest" name="createContactWithPhoneNumberTest">
    <skipped/>
  </testcase> <!-- createContactWithPhoneNumberTest -->
  <testcase classname="practice.testng.SampleReportTest" name="createContactWithOrgTest">
    <skipped/>
  </testcase> <!-- createContactWithOrgTest -->
</testsuite> <!-- practice.testng.SampleReportTest -->
