<?xml version="1.0" encoding="UTF-8"?>
<!-- Generated by org.testng.reporters.JUnitReportReporter -->
<testsuite hostname="DESKTOP-IU548MD" failures="0" tests="2" name="practice.hometest.HomePageVerificationTest" time="7.433" errors="0" timestamp="2026-03-06T15:41:40 IST" skipped="0">
  <testcase classname="practice.hometest.HomePageVerificationTest" name="verifylogohomepagetest" time="3.359"/>
  <testcase classname="practice.hometest.HomePageVerificationTest" name="homepagetest" time="4.074"/>
</testsuite> <!-- practice.hometest.HomePageVerificationTest -->
