<?xml version="1.0" encoding="UTF-8"?>
<!-- Generated by org.testng.reporters.JUnitReportReporter -->
<testsuite hostname="DESKTOP-IU548MD" failures="0" tests="10" name="practice.testng.OrderTest" time="0.030" errors="0" timestamp="2026-03-05T12:33:31 IST" skipped="0">
  <testcase classname="practice.testng.OrderTest" name="createorderTest" time="0.001"/>
  <testcase classname="practice.testng.OrderTest" name="createorderTest" time="0.002"/>
  <testcase classname="practice.testng.OrderTest" name="createorderTest" time="0.002"/>
  <testcase classname="practice.testng.OrderTest" name="createorderTest" time="0.013"/>
  <testcase classname="practice.testng.OrderTest" name="createorderTest" time="0.002"/>
  <testcase classname="practice.testng.OrderTest" name="createorderTest" time="0.002"/>
  <testcase classname="practice.testng.OrderTest" name="createorderTest" time="0.002"/>
  <testcase classname="practice.testng.OrderTest" name="createorderTest" time="0.002"/>
  <testcase classname="practice.testng.OrderTest" name="createorderTest" time="0.002"/>
  <testcase classname="practice.testng.OrderTest" name="createorderTest" time="0.002"/>
</testsuite> <!-- practice.testng.OrderTest -->
