<?xml version="1.0" encoding="UTF-8"?>
<!-- Generated by org.testng.reporters.JUnitXMLReporter -->
<testsuite ignored="4" hostname="DESKTOP-IU548MD" failures="0" tests="2" name="Test" time="0.067" errors="0" timestamp="2026-03-06T12:07:03 IST">
  <testcase classname="com.crm.comcast.orgTest.CreateOrgTest" name="createorg" time="0.006"/>
  <testcase classname="com.crm.comcast.contactTest.CreateContactTest" name="createContact" time="0.003"/>
  <testcase classname="com.crm.generic.baseutility.BaseClass" name="@AfterSuite confingAS" time="0.0">
    <ignored/>
  </testcase> <!-- @AfterSuite confingAS -->
  <testcase classname="com.crm.generic.baseutility.BaseClass" name="@BeforeSuite confingBS" time="0.0">
    <ignored/>
  </testcase> <!-- @BeforeSuite confingBS -->
  <testcase classname="com.crm.comcast.contactTest.CreateContactTest" name="createContactWithDate" time="0.0">
    <ignored/>
  </testcase> <!-- createContactWithDate -->
  <testcase classname="com.crm.comcast.orgTest.CreateOrgTest" name="createorgwithindustry" time="0.0">
    <ignored/>
  </testcase> <!-- createorgwithindustry -->
</testsuite> <!-- Test -->
