<?xml version="1.0" encoding="UTF-8"?>
<testng-results ignored="0" total="2" passed="1" failed="1" skipped="0">
  <reporter-output>
  </reporter-output>
  <suite started-at="2026-03-12T10:50:34 IST" name="Default suite" finished-at="2026-03-12T10:50:48 IST" duration-ms="13919">
    <groups>
    </groups>
    <test started-at="2026-03-12T10:50:34 IST" name="Default test" finished-at="2026-03-12T10:50:48 IST" duration-ms="13919">
      <class name="practice.test.InvoiceTest">
        <test-method is-config="true" signature="confingBS()[pri:0, instance:practice.test.InvoiceTest@194fad1]" started-at="2026-03-12T10:50:34 IST" name="confingBS" finished-at="2026-03-12T10:50:34 IST" duration-ms="19" status="PASS">
          <reporter-output>
          </reporter-output>
        </test-method> <!-- confingBS -->
        <test-method is-config="true" signature="confingBC()[pri:0, instance:practice.test.InvoiceTest@194fad1]" started-at="2026-03-12T10:50:34 IST" name="confingBC" finished-at="2026-03-12T10:50:37 IST" duration-ms="2632" status="PASS">
          <reporter-output>
          </reporter-output>
        </test-method> <!-- confingBC -->
        <test-method is-config="true" signature="confingBM()[pri:0, instance:practice.test.InvoiceTest@194fad1]" started-at="2026-03-12T10:50:37 IST" name="confingBM" finished-at="2026-03-12T10:50:43 IST" duration-ms="6167" status="PASS">
          <reporter-output>
          </reporter-output>
        </test-method> <!-- confingBM -->
        <test-method signature="createInvoiceTest()[pri:0, instance:practice.test.InvoiceTest@194fad1]" started-at="2026-03-12T10:50:43 IST" name="createInvoiceTest" finished-at="2026-03-12T10:50:43 IST" duration-ms="80" status="FAIL">
          <exception class="java.lang.AssertionError">
            <message>
              <![CDATA[expected [Login] but found [Admin123@ Administrator1 - Home - vtiger CRM 5 - Commercial Open Source CRM]]]>
            </message>
            <full-stacktrace>
              <![CDATA[java.lang.AssertionError: expected [Login] but found [Admin123@ Administrator1 - Home - vtiger CRM 5 - Commercial Open Source CRM]
at org.testng.Assert.fail(Assert.java:111)
at org.testng.Assert.failNotEquals(Assert.java:1590)
at org.testng.Assert.assertEqualsImpl(Assert.java:150)
at org.testng.Assert.assertEquals(Assert.java:132)
at org.testng.Assert.assertEquals(Assert.java:656)
at org.testng.Assert.assertEquals(Assert.java:666)
at practice.test.InvoiceTest.createInvoiceTest(InvoiceTest.java:24)
at java.base/jdk.internal.reflect.DirectMethodHandleAccessor.invoke(DirectMethodHandleAccessor.java:103)
at java.base/java.lang.reflect.Method.invoke(Method.java:580)
at org.testng.internal.invokers.MethodInvocationHelper.invokeMethod(MethodInvocationHelper.java:141)
at org.testng.internal.invokers.TestInvoker.invokeMethod(TestInvoker.java:687)
at org.testng.internal.invokers.TestInvoker.invokeTestMethod(TestInvoker.java:230)
at org.testng.internal.invokers.MethodRunner.runInSequence(MethodRunner.java:63)
at org.testng.internal.invokers.TestInvoker$MethodInvocationAgent.invoke(TestInvoker.java:995)
at org.testng.internal.invokers.TestInvoker.invokeTestMethods(TestInvoker.java:203)
at org.testng.internal.invokers.TestMethodWorker.invokeTestMethods(TestMethodWorker.java:154)
at org.testng.internal.invokers.TestMethodWorker.run(TestMethodWorker.java:134)
at java.base/java.util.ArrayList.forEach(ArrayList.java:1596)
at org.testng.TestRunner.privateRun(TestRunner.java:741)
at org.testng.TestRunner.run(TestRunner.java:616)
at org.testng.SuiteRunner.runTest(SuiteRunner.java:421)
at org.testng.SuiteRunner.runSequentially(SuiteRunner.java:413)
at org.testng.SuiteRunner.privateRun(SuiteRunner.java:373)
at org.testng.SuiteRunner.run(SuiteRunner.java:312)
at org.testng.SuiteRunnerWorker.runSuite(SuiteRunnerWorker.java:52)
at org.testng.SuiteRunnerWorker.run(SuiteRunnerWorker.java:95)
at org.testng.TestNG.runSuitesSequentially(TestNG.java:1274)
at org.testng.TestNG.runSuitesLocally(TestNG.java:1208)
at org.testng.TestNG.runSuites(TestNG.java:1112)
at org.testng.TestNG.run(TestNG.java:1079)
at org.testng.remote.AbstractRemoteTestNG.run(AbstractRemoteTestNG.java:115)
at org.testng.remote.RemoteTestNG.initAndRun(RemoteTestNG.java:293)
at org.testng.remote.RemoteTestNG.main(RemoteTestNG.java:91)
]]>
            </full-stacktrace>
          </exception> <!-- java.lang.AssertionError -->
          <reporter-output>
          </reporter-output>
        </test-method> <!-- createInvoiceTest -->
        <test-method is-config="true" signature="confingAM()[pri:0, instance:practice.test.InvoiceTest@194fad1]" started-at="2026-03-12T10:50:43 IST" name="confingAM" finished-at="2026-03-12T10:50:44 IST" duration-ms="921" status="PASS">
          <reporter-output>
          </reporter-output>
        </test-method> <!-- confingAM -->
        <test-method is-config="true" signature="confingBM()[pri:0, instance:practice.test.InvoiceTest@194fad1]" started-at="2026-03-12T10:50:44 IST" name="confingBM" finished-at="2026-03-12T10:50:46 IST" duration-ms="1785" status="PASS">
          <reporter-output>
          </reporter-output>
        </test-method> <!-- confingBM -->
        <test-method signature="createInvoiceTestWithContactTest()[pri:0, instance:practice.test.InvoiceTest@194fad1]" started-at="2026-03-12T10:50:46 IST" name="createInvoiceTestWithContactTest" finished-at="2026-03-12T10:50:46 IST" duration-ms="10" status="PASS">
          <reporter-output>
          </reporter-output>
        </test-method> <!-- createInvoiceTestWithContactTest -->
        <test-method is-config="true" signature="confingAM()[pri:0, instance:practice.test.InvoiceTest@194fad1]" started-at="2026-03-12T10:50:46 IST" name="confingAM" finished-at="2026-03-12T10:50:48 IST" duration-ms="1711" status="PASS">
          <reporter-output>
          </reporter-output>
        </test-method> <!-- confingAM -->
        <test-method is-config="true" signature="confingAC()[pri:0, instance:practice.test.InvoiceTest@194fad1]" started-at="2026-03-12T10:50:48 IST" name="confingAC" finished-at="2026-03-12T10:50:48 IST" duration-ms="318" status="PASS">
          <reporter-output>
          </reporter-output>
        </test-method> <!-- confingAC -->
        <test-method is-config="true" signature="confingAS()[pri:0, instance:practice.test.InvoiceTest@194fad1]" started-at="2026-03-12T10:50:48 IST" name="confingAS" finished-at="2026-03-12T10:50:48 IST" duration-ms="1" status="PASS">
          <reporter-output>
          </reporter-output>
        </test-method> <!-- confingAS -->
      </class> <!-- practice.test.InvoiceTest -->
    </test> <!-- Default test -->
  </suite> <!-- Default suite -->
</testng-results>
